
Turn 9
================================================================
warning: entity 6 was directed to use 8 halite to move east, but only 0 halite was available
At command 4 of 5:
    2   m 4 o
    3   m 0 o
>>> 4   m 6 e
    5   g


Turn 10
================================================================
warning: owned entities 8, 4 collided on cell (8, 15) as the result of moves on this turn
At command 3 of 5:
    1   m 2 n
    2   m 4 o
>>> 3   m 8 n
    4   m 0 o
    5   m 6 e

warning: owned entities 6, 0 collided on cell (9, 17) as the result of moves on this turn
At command 5 of 5:
    3   m 8 n
    4   m 0 o
>>> 5   m 6 e

