
Turn 11
================================================================
warning: entity 9 was directed to use 9 halite to move east, but only 0 halite was available
At command 3 of 5:
    1   m 5 s
    2   m 7 o
>>> 3   m 9 e
    4   m 1 o
    5   m 3 s

warning: owned entities 3, 7 collided on cell (23, 17) as the result of moves on this turn
At command 5 of 5:
    3   m 9 e
    4   m 1 o
>>> 5   m 3 s


Turn 12
================================================================
warning: owned entities 9, 1 collided on cell (22, 15) as the result of moves on this turn
At command 1 of 3:
>>> 1   m 9 w
    2   m 1 o
    3   m 5 o

