
Turn 3
================================================================
warning: entity 1 was directed to use 4 halite to move west, but only 0 halite was available
At command 1 of 2:
>>> 1   m 1 w
    2   g


Turn 5
================================================================
warning: entity 3 was directed to use 3 halite to move south, but only 0 halite was available
At command 2 of 3:
    1   m 1 n
>>> 2   m 3 s
    3   g


Turn 7
================================================================
warning: entity 3 was directed to use 9 halite to move west, but only 7 halite was available
At command 1 of 4:
>>> 1   m 3 w
    2   m 1 n
    3   m 4 s

warning: entity 1 was directed to use 8 halite to move north, but only 5 halite was available
At command 2 of 4:
    1   m 3 w
>>> 2   m 1 n
    3   m 4 s
    4   g

warning: entity 4 was directed to use 7 halite to move south, but only 0 halite was available
At command 3 of 4:
    1   m 3 w
    2   m 1 n
>>> 3   m 4 s
    4   g


Turn 9
================================================================
warning: entity 6 was directed to use 6 halite to move south, but only 0 halite was available
At command 4 of 5:
    2   m 1 o
    3   m 4 o
>>> 4   m 6 s
    5   g


Turn 10
================================================================
warning: owned entities 3, 8 collided on cell (24, 16) as the result of moves on this turn
At command 4 of 5:
    2   m 4 o
    3   m 6 w
>>> 4   m 3 n
    5   m 8 e

Other commands that placed an entity on this cell:
    3   m 6 w
    4   m 3 n
>>> 5   m 8 e


Turn 15
================================================================
warning: owned entities 1, 4 collided on cell (24, 14) as the result of moves on this turn
At command 1 of 3:
>>> 1   m 1 s
    2   m 4 w
    3   m 6 e

Other commands that placed an entity on this cell:
    1   m 1 s
>>> 2   m 4 w
    3   m 6 e


Turn 17
================================================================
warning: entity 6 was directed to use 4 halite to move south, but only 0 halite was available
At command 1 of 1:
>>> 1   m 6 s


Turn 51
================================================================
warning: entity 6 was directed to use 3 halite to move east, but only 0 halite was available
At command 1 of 1:
>>> 1   m 6 e


Turn 54
================================================================
warning: entity 6 was directed to use 2 halite to move north, but only 0 halite was available
At command 1 of 1:
>>> 1   m 6 n


Turn 57
================================================================
warning: entity 6 was directed to use 1 halite to move east, but only 0 halite was available
At command 1 of 1:
>>> 1   m 6 e


Turn 59
================================================================
warning: entity 6 was directed to use 7 halite to move west, but only 4 halite was available
At command 1 of 1:
>>> 1   m 6 w


Turn 63
================================================================
warning: entity 6 was directed to use 1 halite to move north, but only 0 halite was available
At command 1 of 1:
>>> 1   m 6 n


Turn 65
================================================================
warning: entity 6 was directed to use 7 halite to move east, but only 4 halite was available
At command 1 of 1:
>>> 1   m 6 e


Turn 69
================================================================
warning: entity 6 was directed to use 9 halite to move east, but only 1 halite was available
At command 1 of 1:
>>> 1   m 6 e


Turn 91
================================================================
warning: entity 6 was directed to use 5 halite to move west, but only 0 halite was available
At command 1 of 1:
>>> 1   m 6 w


Turn 94
================================================================
warning: entity 6 was directed to use 3 halite to move west, but only 2 halite was available
At command 1 of 1:
>>> 1   m 6 w


Turn 99
================================================================
warning: entity 6 was directed to use 4 halite to move west, but only 1 halite was available
At command 1 of 1:
>>> 1   m 6 w


Turn 105
================================================================
warning: entity 6 was directed to use 2 halite to move north, but only 0 halite was available
At command 1 of 1:
>>> 1   m 6 n


Turn 107
================================================================
warning: entity 6 was directed to use 6 halite to move east, but only 5 halite was available
At command 1 of 1:
>>> 1   m 6 e


Turn 258
================================================================
warning: entity 6 was directed to use 4 halite to move north, but only 0 halite was available
At command 1 of 1:
>>> 1   m 6 n

