
Turn 4
================================================================
warning: owned entities 2, 0 collided on cell (9, 16) as the result of moves on this turn
At command 2 of 2:
    1   m 0 o
>>> 2   m 2 e


Turn 13
================================================================
warning: owned entities 4, 6 collided on cell (8, 17) as the result of moves on this turn
At command 3 of 3:
    1   m 6 o
    2   m 8 o
>>> 3   m 4 s


Turn 105
================================================================
warning: entity 10 was directed to use 8 halite to move west, but only 0 halite was available
At command 2 of 2:
    1   m 8 o
>>> 2   m 10 w


Turn 119
================================================================
warning: entity 10 was directed to use 9 halite to move south, but only 0 halite was available
At command 1 of 2:
>>> 1   m 10 s
    2   m 8 o

