
Turn 4
================================================================
warning: owned entities 3, 1 collided on cell (22, 16) as the result of moves on this turn
At command 2 of 2:
    1   m 1 o
>>> 2   m 3 w


Turn 39
================================================================
warning: entity 5 was directed to use 7 halite to move east, but only 0 halite was available
At command 3 of 4:
    1   m 7 s
    2   m 9 e
>>> 3   m 5 e
    4   g


Turn 41
================================================================
warning: entity 10 was directed to use 5 halite to move west, but only 0 halite was available
At command 3 of 4:
    1   m 9 s
    2   m 7 e
>>> 3   m 10 w
    4   m 5 o


Turn 42
================================================================
warning: owned entities 10, 5 collided on cell (23, 18) as the result of moves on this turn
At command 1 of 4:
>>> 1   m 10 s
    2   m 5 o
    3   m 7 o


Turn 132
================================================================
warning: owned entities 9, 7 collided on cell (28, 17) as the result of moves on this turn
At command 1 of 2:
>>> 1   m 9 w
    2   m 7 o

