
Turn 3
================================================================
warning: entity 0 was directed to use 7 halite to move north, but only 0 halite was available
At command 1 of 2:
>>> 1   m 0 n
    2   g


Turn 5
================================================================
warning: entity 2 was directed to use 6 halite to move south, but only 0 halite was available
At command 2 of 2:
    1   m 0 s
>>> 2   m 2 s

warning: owned entities 0, 2 collided on cell (8, 17) as the result of moves on this turn
At command 1 of 2:
>>> 1   m 0 s
    2   m 2 s


Turn 8
================================================================
warning: entity 5 was directed to use 5 halite to move south, but only 0 halite was available
At command 1 of 2:
>>> 1   m 5 s
    2   g


Turn 10
================================================================
warning: entity 7 was directed to use 4 halite to move south, but only 0 halite was available
At command 2 of 3:
    1   m 5 o
>>> 2   m 7 s
    3   g


Turn 12
================================================================
warning: entity 9 was directed to use 6 halite to move north, but only 0 halite was available
At command 2 of 3:
    1   m 5 n
>>> 2   m 9 n
    3   m 7 e

warning: owned entities 7, 9 collided on cell (8, 17) as the result of moves on this turn
At command 3 of 3:
    1   m 5 n
    2   m 9 n
>>> 3   m 7 e


Turn 131
================================================================
warning: entity 5 was directed to use 6 halite to move west, but only 0 halite was available
At command 1 of 1:
>>> 1   m 5 w


Turn 147
================================================================
warning: entity 5 was directed to use 3 halite to move north, but only 0 halite was available
At command 1 of 2:
>>> 1   m 5 n
    2   g


Turn 149
================================================================
warning: entity 5 was directed to use 8 halite to move south, but only 7 halite was available
At command 1 of 2:
>>> 1   m 5 s
    2   m 10 e

warning: entity 10 was directed to use 2 halite to move east, but only 0 halite was available
At command 2 of 2:
    1   m 5 s
>>> 2   m 10 e


Turn 152
================================================================
warning: entity 10 was directed to use 2 halite to move north, but only 0 halite was available
At command 2 of 2:
    1   m 5 w
>>> 2   m 10 n


Turn 155
================================================================
warning: entity 10 was directed to use 1 halite to move north, but only 0 halite was available
At command 1 of 2:
>>> 1   m 10 n
    2   m 5 n


Turn 158
================================================================
warning: entity 10 was directed to use 2 halite to move west, but only 0 halite was available
At command 1 of 2:
>>> 1   m 10 w
    2   m 5 w


Turn 159
================================================================
warning: entity 5 was directed to use 4 halite to move south, but only 1 halite was available
At command 2 of 2:
    1   m 10 s
>>> 2   m 5 s


Turn 160
================================================================
warning: entity 10 was directed to use 9 halite to move north, but only 4 halite was available
At command 2 of 2:
    1   m 5 e
>>> 2   m 10 n


Turn 166
================================================================
warning: entity 10 was directed to use 1 halite to move south, but only 0 halite was available
At command 2 of 2:
    1   m 5 o
>>> 2   m 10 s


Turn 169
================================================================
warning: entity 10 was directed to use 4 halite to move west, but only 0 halite was available
At command 2 of 2:
    1   m 5 o
>>> 2   m 10 w


Turn 172
================================================================
warning: entity 10 was directed to use 8 halite to move east, but only 2 halite was available
At command 1 of 2:
>>> 1   m 10 e
    2   m 5 o


Turn 180
================================================================
warning: entity 10 was directed to use 6 halite to move east, but only 4 halite was available
At command 2 of 2:
    1   m 5 o
>>> 2   m 10 e


Turn 184
================================================================
warning: entity 10 was directed to use 9 halite to move west, but only 2 halite was available
At command 2 of 2:
    1   m 5 o
>>> 2   m 10 w


Turn 189
================================================================
warning: entity 10 was directed to use 9 halite to move east, but only 7 halite was available
At command 2 of 2:
    1   m 5 w
>>> 2   m 10 e

