
Turn 9
================================================================
warning: owned entities 1, 7 collided on cell (24, 16) as the result of moves on this turn
At command 3 of 4:
    1   m 3 o
    2   m 5 o
>>> 3   m 1 e
    4   m 7 o


Turn 15
================================================================
warning: entity 5 was directed to use 8 halite to move south, but only 0 halite was available
At command 3 of 3:
    1   m 3 o
    2   m 9 o
>>> 3   m 5 s


Turn 20
================================================================
warning: entity 3 was directed to use 7 halite to move east, but only 0 halite was available
At command 3 of 4:
    1   m 5 o
    2   m 9 o
>>> 3   m 3 e
    4   g


Turn 22
================================================================
warning: entity 10 was directed to use 6 halite to move north, but only 0 halite was available
At command 4 of 4:
    2   m 9 o
    3   m 3 w
>>> 4   m 10 n

warning: owned entities 3, 10 collided on cell (23, 15) as the result of moves on this turn
At command 3 of 4:
    1   m 5 e
    2   m 9 o
>>> 3   m 3 w
    4   m 10 n


Turn 60
================================================================
warning: entity 5 was directed to use 8 halite to move south, but only 0 halite was available
At command 1 of 3:
>>> 1   m 5 s
    2   m 9 e
    3   g


Turn 62
================================================================
warning: entity 11 was directed to use 6 halite to move south, but only 0 halite was available
At command 3 of 3:
    1   m 5 o
    2   m 9 o
>>> 3   m 11 s


Turn 65
================================================================
warning: entity 11 was directed to use 8 halite to move east, but only 0 halite was available
At command 3 of 3:
    1   m 5 o
    2   m 9 e
>>> 3   m 11 e


Turn 102
================================================================
warning: entity 11 was directed to use 4 halite to move north, but only 0 halite was available
At command 3 of 4:
    1   m 5 o
    2   m 9 o
>>> 3   m 11 n
    4   g


Turn 104
================================================================
warning: entity 12 was directed to use 5 halite to move north, but only 0 halite was available
At command 4 of 4:
    2   m 9 o
    3   m 11 n
>>> 4   m 12 n


Turn 105
================================================================
warning: entity 11 was directed to use 6 halite to move east, but only 0 halite was available
At command 4 of 4:
    2   m 9 s
    3   m 12 n
>>> 4   m 11 e


Turn 107
================================================================
warning: entity 12 was directed to use 5 halite to move east, but only 2 halite was available
At command 3 of 4:
    1   m 9 e
    2   m 11 w
>>> 3   m 12 e
    4   m 5 o


Turn 108
================================================================
warning: entity 11 was directed to use 3 halite to move east, but only 0 halite was available
At command 3 of 4:
    1   m 12 s
    2   m 5 s
>>> 3   m 11 e
    4   m 9 o


Turn 110
================================================================
warning: entity 12 was directed to use 6 halite to move north, but only 0 halite was available
At command 3 of 4:
    1   m 5 s
    2   m 11 e
>>> 3   m 12 n
    4   m 9 o

warning: owned entities 11, 12 collided on cell (23, 17) as the result of moves on this turn
At command 2 of 4:
    1   m 5 s
>>> 2   m 11 e
    3   m 12 n
    4   m 9 o


Turn 183
================================================================
warning: entity 9 was directed to use 6 halite to move north, but only 0 halite was available
At command 2 of 3:
    1   m 5 w
>>> 2   m 9 n
    3   g


Turn 185
================================================================
warning: entity 13 was directed to use 3 halite to move south, but only 0 halite was available
At command 3 of 3:
    1   m 9 w
    2   m 5 o
>>> 3   m 13 s


Turn 188
================================================================
warning: entity 13 was directed to use 4 halite to move west, but only 0 halite was available
At command 2 of 3:
    1   m 9 o
>>> 2   m 13 w
    3   m 5 e


Turn 191
================================================================
warning: entity 13 was directed to use 3 halite to move east, but only 0 halite was available
At command 3 of 3:
    1   m 9 o
    2   m 5 s
>>> 3   m 13 e


Turn 193
================================================================
warning: entity 13 was directed to use 8 halite to move east, but only 7 halite was available
At command 3 of 3:
    1   m 9 o
    2   m 5 w
>>> 3   m 13 e


Turn 202
================================================================
warning: entity 13 was directed to use 9 halite to move north, but only 4 halite was available
At command 3 of 3:
    1   m 9 o
    2   m 5 n
>>> 3   m 13 n


Turn 206
================================================================
warning: entity 13 was directed to use 9 halite to move north, but only 7 halite was available
At command 2 of 3:
    1   m 9 e
>>> 2   m 13 n
    3   m 5 n


Turn 213
================================================================
warning: entity 13 was directed to use 6 halite to move north, but only 0 halite was available
At command 3 of 3:
    1   m 9 o
    2   m 5 e
>>> 3   m 13 n


Turn 218
================================================================
warning: entity 13 was directed to use 7 halite to move east, but only 2 halite was available
At command 3 of 3:
    1   m 9 e
    2   m 5 e
>>> 3   m 13 e


Turn 223
================================================================
warning: entity 13 was directed to use 7 halite to move east, but only 2 halite was available
At command 2 of 3:
    1   m 9 w
>>> 2   m 13 e
    3   m 5 w


Turn 228
================================================================
warning: entity 13 was directed to use 9 halite to move east, but only 8 halite was available
At command 2 of 3:
    1   m 9 n
>>> 2   m 13 e
    3   m 5 o


Turn 241
================================================================
warning: entity 13 was directed to use 4 halite to move east, but only 0 halite was available
At command 3 of 3:
    1   m 9 o
    2   m 5 s
>>> 3   m 13 e


Turn 243
================================================================
warning: entity 13 was directed to use 9 halite to move north, but only 8 halite was available
At command 2 of 3:
    1   m 9 s
>>> 2   m 13 n
    3   m 5 o


Turn 250
================================================================
warning: entity 13 was directed to use 6 halite to move north, but only 5 halite was available
At command 3 of 3:
    1   m 9 o
    2   m 5 o
>>> 3   m 13 n


Turn 254
================================================================
warning: entity 13 was directed to use 7 halite to move west, but only 5 halite was available
At command 1 of 3:
>>> 1   m 13 w
    2   m 5 n
    3   m 9 o


Turn 258
================================================================
warning: entity 13 was directed to use 5 halite to move west, but only 2 halite was available
At command 3 of 3:
    1   m 9 s
    2   m 5 o
>>> 3   m 13 w


Turn 262
================================================================
warning: entity 13 was directed to use 9 halite to move west, but only 2 halite was available
At command 2 of 3:
    1   m 5 n
>>> 2   m 13 w
    3   m 9 e


Turn 279
================================================================
warning: entity 9 was directed to use 3 halite to move east, but only 0 halite was available
At command 3 of 3:
    1   m 5 o
    2   m 13 e
>>> 3   m 9 e


Turn 283
================================================================
warning: entity 9 was directed to use 3 halite to move west, but only 0 halite was available
At command 3 of 3:
    1   m 5 s
    2   m 13 o
>>> 3   m 9 w


Turn 286
================================================================
warning: entity 9 was directed to use 2 halite to move east, but only 0 halite was available
At command 3 of 3:
    1   m 5 e
    2   m 13 o
>>> 3   m 9 e


Turn 288
================================================================
warning: entity 9 was directed to use 8 halite to move west, but only 5 halite was available
At command 3 of 3:
    1   m 5 w
    2   m 13 e
>>> 3   m 9 w


Turn 292
================================================================
warning: entity 9 was directed to use 9 halite to move west, but only 6 halite was available
At command 3 of 3:
    1   m 5 s
    2   m 13 o
>>> 3   m 9 w

